

Microchip MPLAB XC8 Assembler V2.35 build 20211206165544 
                                                                                               Wed May 31 22:30:56 2023

Microchip MPLAB XC8 C Compiler v2.35 (Free license) build 20211206165544 Og1 
     1                           	processor	16F887
     2                           	pagewidth 120
     3                           	opt	flic
     4                           	psect	idataBANK0,global,class=CODE,delta=2,noexec
     5                           	psect	strings,global,class=STRING,delta=2,noexec
     6                           	psect	cinit,global,class=CODE,merge=1,delta=2
     7                           	psect	bssCOMMON,global,class=COMMON,space=1,delta=1,noexec
     8                           	psect	bssBANK0,global,class=BANK0,space=1,delta=1,noexec
     9                           	psect	dataBANK0,global,class=BANK0,space=1,delta=1,noexec
    10                           	psect	cstackCOMMON,global,class=COMMON,space=1,delta=1,noexec
    11                           	psect	cstackBANK0,global,class=BANK0,space=1,delta=1,noexec
    12                           	psect	maintext,global,class=CODE,split=1,delta=2
    13                           	psect	text1,local,class=CODE,merge=1,delta=2
    14                           	psect	text2,local,class=CODE,merge=1,delta=2
    15                           	psect	text3,local,class=CODE,merge=1,delta=2
    16                           	psect	text4,local,class=CODE,merge=1,delta=2
    17                           	psect	text5,local,class=CODE,merge=1,delta=2
    18                           	psect	text6,local,class=CODE,merge=1,delta=2,group=1
    19                           	psect	text7,local,class=CODE,merge=1,delta=2,group=1
    20                           	psect	text8,local,class=CODE,merge=1,delta=2
    21                           	psect	intentry,global,class=CODE,delta=2
    22                           	psect	idloc,global,abs,ovrld,class=IDLOC,space=5,delta=2,noexec
    23                           	psect	config,global,abs,ovrld,class=CONFIG,space=4,delta=2,noexec
    24                           	dabs	1,0x7E,2
    25  0000                     
    26                           ; Version 2.40
    27                           ; Generated 17/11/2021 GMT
    28                           ; 
    29                           ; Copyright © 2021, Microchip Technology Inc. and its subsidiaries ("Microchip")
    30                           ; All rights reserved.
    31                           ; 
    32                           ; This software is developed by Microchip Technology Inc. and its subsidiaries ("Microch
      +                          ip").
    33                           ; 
    34                           ; Redistribution and use in source and binary forms, with or without modification, are
    35                           ; permitted provided that the following conditions are met:
    36                           ; 
    37                           ;     1. Redistributions of source code must retain the above copyright notice, this lis
      +                          t of
    38                           ;        conditions and the following disclaimer.
    39                           ; 
    40                           ;     2. Redistributions in binary form must reproduce the above copyright notice, this 
      +                          list
    41                           ;        of conditions and the following disclaimer in the documentation and/or other
    42                           ;        materials provided with the distribution. Publication is not required when
    43                           ;        this file is used in an embedded application.
    44                           ; 
    45                           ;     3. Microchip's name may not be used to endorse or promote products derived from th
      +                          is
    46                           ;        software without specific prior written permission.
    47                           ; 
    48                           ; THIS SOFTWARE IS PROVIDED BY MICROCHIP "AS IS" AND ANY EXPRESS OR IMPLIED WARRANTIES,
    49                           ; INCLUDING, BUT NOT LIMITED TO, THE IMPLIED WARRANTIES OF MERCHANTABILITY AND FITNESS F
      +                          OR
    50                           ; PURPOSE ARE DISCLAIMED.  IN NO EVENT SHALL MICROCHIP BE LIABLE FOR ANY DIRECT, INDIREC
      +                          T,
    51                           ; INCIDENTAL, SPECIAL, EXEMPLARY, OR CONSEQUENTIAL DAMAGES (INCLUDING BUT NOT LIMITED TO
    52                           ; PROCUREMENT OF SUBSTITUTE GOODS OR SERVICES; LOSS OF USE, DATA OR PROFITS; OR BUSINESS
    53                           ; INTERRUPTION) HOWSOEVER CAUSED AND ON ANY THEORY OF LIABILITY, WHETHER IN CONTRACT, ST
      +                          RICT
    54                           ; LIABILITY, OR TORT (INCLUDING NEGLIGENCE OR OTHERWISE) ARISING IN ANY WAY OUT OF THE U
      +                          SE OF
    55                           ; THIS SOFTWARE, EVEN IF ADVISED OF THE POSSIBILITY OF SUCH DAMAGE.
    56                           ; 
    57                           ; 
    58                           ; Code-generator required, PIC16F887 Definitions
    59                           ; 
    60                           ; SFR Addresses
    61  0000                     	;# 
    62  0001                     	;# 
    63  0002                     	;# 
    64  0003                     	;# 
    65  0004                     	;# 
    66  0005                     	;# 
    67  0006                     	;# 
    68  0007                     	;# 
    69  0008                     	;# 
    70  0009                     	;# 
    71  000A                     	;# 
    72  000B                     	;# 
    73  000C                     	;# 
    74  000D                     	;# 
    75  000E                     	;# 
    76  000E                     	;# 
    77  000F                     	;# 
    78  0010                     	;# 
    79  0011                     	;# 
    80  0012                     	;# 
    81  0013                     	;# 
    82  0014                     	;# 
    83  0015                     	;# 
    84  0015                     	;# 
    85  0016                     	;# 
    86  0017                     	;# 
    87  0018                     	;# 
    88  0019                     	;# 
    89  001A                     	;# 
    90  001B                     	;# 
    91  001B                     	;# 
    92  001C                     	;# 
    93  001D                     	;# 
    94  001E                     	;# 
    95  001F                     	;# 
    96  0081                     	;# 
    97  0085                     	;# 
    98  0086                     	;# 
    99  0087                     	;# 
   100  0088                     	;# 
   101  0089                     	;# 
   102  008C                     	;# 
   103  008D                     	;# 
   104  008E                     	;# 
   105  008F                     	;# 
   106  0090                     	;# 
   107  0091                     	;# 
   108  0092                     	;# 
   109  0093                     	;# 
   110  0093                     	;# 
   111  0093                     	;# 
   112  0094                     	;# 
   113  0095                     	;# 
   114  0096                     	;# 
   115  0097                     	;# 
   116  0098                     	;# 
   117  0099                     	;# 
   118  009A                     	;# 
   119  009B                     	;# 
   120  009C                     	;# 
   121  009D                     	;# 
   122  009E                     	;# 
   123  009F                     	;# 
   124  0105                     	;# 
   125  0107                     	;# 
   126  0108                     	;# 
   127  0109                     	;# 
   128  010C                     	;# 
   129  010C                     	;# 
   130  010D                     	;# 
   131  010E                     	;# 
   132  010F                     	;# 
   133  0185                     	;# 
   134  0187                     	;# 
   135  0188                     	;# 
   136  0189                     	;# 
   137  018C                     	;# 
   138  018D                     	;# 
   139  0000                     	;# 
   140  0001                     	;# 
   141  0002                     	;# 
   142  0003                     	;# 
   143  0004                     	;# 
   144  0005                     	;# 
   145  0006                     	;# 
   146  0007                     	;# 
   147  0008                     	;# 
   148  0009                     	;# 
   149  000A                     	;# 
   150  000B                     	;# 
   151  000C                     	;# 
   152  000D                     	;# 
   153  000E                     	;# 
   154  000E                     	;# 
   155  000F                     	;# 
   156  0010                     	;# 
   157  0011                     	;# 
   158  0012                     	;# 
   159  0013                     	;# 
   160  0014                     	;# 
   161  0015                     	;# 
   162  0015                     	;# 
   163  0016                     	;# 
   164  0017                     	;# 
   165  0018                     	;# 
   166  0019                     	;# 
   167  001A                     	;# 
   168  001B                     	;# 
   169  001B                     	;# 
   170  001C                     	;# 
   171  001D                     	;# 
   172  001E                     	;# 
   173  001F                     	;# 
   174  0081                     	;# 
   175  0085                     	;# 
   176  0086                     	;# 
   177  0087                     	;# 
   178  0088                     	;# 
   179  0089                     	;# 
   180  008C                     	;# 
   181  008D                     	;# 
   182  008E                     	;# 
   183  008F                     	;# 
   184  0090                     	;# 
   185  0091                     	;# 
   186  0092                     	;# 
   187  0093                     	;# 
   188  0093                     	;# 
   189  0093                     	;# 
   190  0094                     	;# 
   191  0095                     	;# 
   192  0096                     	;# 
   193  0097                     	;# 
   194  0098                     	;# 
   195  0099                     	;# 
   196  009A                     	;# 
   197  009B                     	;# 
   198  009C                     	;# 
   199  009D                     	;# 
   200  009E                     	;# 
   201  009F                     	;# 
   202  0105                     	;# 
   203  0107                     	;# 
   204  0108                     	;# 
   205  0109                     	;# 
   206  010C                     	;# 
   207  010C                     	;# 
   208  010D                     	;# 
   209  010E                     	;# 
   210  010F                     	;# 
   211  0185                     	;# 
   212  0187                     	;# 
   213  0188                     	;# 
   214  0189                     	;# 
   215  018C                     	;# 
   216  018D                     	;# 
   217                           
   218                           	psect	idataBANK0
   219  0236                     __pidataBANK0:
   220                           
   221                           ;initializer for _pwm_period
   222  0236  34FF               	retlw	255
   223  0237  3400               	retlw	0
   224  0019                     _TXREG	set	25
   225  0018                     _RCSTAbits	set	24
   226  000B                     _INTCONbits	set	11
   227  0008                     _PORTD	set	8
   228  0005                     _PORTA	set	5
   229  0006                     _PORTB	set	6
   230  001A                     _RCREG	set	26
   231  000C                     _PIR1bits	set	12
   232  0001                     _TMR0	set	1
   233  0008                     _PORTDbits	set	8
   234  0064                     _TXIF	set	100
   235  005A                     _T0IF	set	90
   236  0081                     _OPTION_REGbits	set	129
   237  008C                     _PIE1bits	set	140
   238  009A                     _SPBRGH	set	154
   239  0099                     _SPBRG	set	153
   240  0098                     _TXSTAbits	set	152
   241  008F                     _OSCCONbits	set	143
   242  0086                     _TRISB	set	134
   243  0088                     _TRISD	set	136
   244  0085                     _TRISA	set	133
   245  0187                     _BAUDCTLbits	set	391
   246  0189                     _ANSELH	set	393
   247  0188                     _ANSEL	set	392
   248                           
   249                           	psect	strings
   250  0121                     __pstrings:
   251  0121                     stringtab:
   252  0121                     __stringtab:
   253  0121                     stringcode:	
   254                           ;	String table - string pointers are 1 byte each
   255                           
   256  0121                     stringdir:
   257  0121  3001               	movlw	high stringdir
   258  0122  008A               	movwf	10
   259  0123  0804               	movf	4,w
   260  0124  0A84               	incf	4,f
   261  0125  0782               	addwf	2,f
   262  0126                     __stringbase:
   263  0126  3400               	retlw	0
   264  0127                     __end_of__stringtab:
   265  0127                     STR_1:
   266  0127  3431               	retlw	49	;'1'
   267  0128  342E               	retlw	46	;'.'
   268  0129  3420               	retlw	32	;' '
   269  012A  3450               	retlw	80	;'P'
   270  012B  3461               	retlw	97	;'a'
   271  012C  3472               	retlw	114	;'r'
   272  012D  3470               	retlw	112	;'p'
   273  012E  3461               	retlw	97	;'a'
   274  012F  3464               	retlw	100	;'d'
   275  0130  3465               	retlw	101	;'e'
   276  0131  3461               	retlw	97	;'a'
   277  0132  3472               	retlw	114	;'r'
   278  0133  3420               	retlw	32	;' '
   279  0134  3475               	retlw	117	;'u'
   280  0135  346E               	retlw	110	;'n'
   281  0136  3461               	retlw	97	;'a'
   282  0137  3420               	retlw	32	;' '
   283  0138  3476               	retlw	118	;'v'
   284  0139  3465               	retlw	101	;'e'
   285  013A  347A               	retlw	122	;'z'
   286  013B  340D               	retlw	13
   287  013C  340A               	retlw	10
   288  013D  3432               	retlw	50	;'2'
   289  013E  342E               	retlw	46	;'.'
   290  013F  3420               	retlw	32	;' '
   291  0140  3450               	retlw	80	;'P'
   292  0141  3461               	retlw	97	;'a'
   293  0142  3472               	retlw	114	;'r'
   294  0143  3470               	retlw	112	;'p'
   295  0144  3461               	retlw	97	;'a'
   296  0145  3464               	retlw	100	;'d'
   297  0146  3465               	retlw	101	;'e'
   298  0147  3461               	retlw	97	;'a'
   299  0148  3472               	retlw	114	;'r'
   300  0149  3420               	retlw	32	;' '
   301  014A  3464               	retlw	100	;'d'
   302  014B  346F               	retlw	111	;'o'
   303  014C  3473               	retlw	115	;'s'
   304  014D  3420               	retlw	32	;' '
   305  014E  3476               	retlw	118	;'v'
   306  014F  3465               	retlw	101	;'e'
   307  0150  3463               	retlw	99	;'c'
   308  0151  3465               	retlw	101	;'e'
   309  0152  3473               	retlw	115	;'s'
   310  0153  340D               	retlw	13
   311  0154  340A               	retlw	10
   312  0155  3400               	retlw	0
   313  0156                     STR_2:
   314  0156  3448               	retlw	72	;'H'
   315  0157  3465               	retlw	101	;'e'
   316  0158  3420               	retlw	32	;' '
   317  0159  3470               	retlw	112	;'p'
   318  015A  3461               	retlw	97	;'a'
   319  015B  3472               	retlw	114	;'r'
   320  015C  3470               	retlw	112	;'p'
   321  015D  3461               	retlw	97	;'a'
   322  015E  3464               	retlw	100	;'d'
   323  015F  3465               	retlw	101	;'e'
   324  0160  3461               	retlw	97	;'a'
   325  0161  3464               	retlw	100	;'d'
   326  0162  346F               	retlw	111	;'o'
   327  0163  3420               	retlw	32	;' '
   328  0164  3475               	retlw	117	;'u'
   329  0165  346E               	retlw	110	;'n'
   330  0166  3461               	retlw	97	;'a'
   331  0167  3420               	retlw	32	;' '
   332  0168  3476               	retlw	118	;'v'
   333  0169  3465               	retlw	101	;'e'
   334  016A  347A               	retlw	122	;'z'
   335  016B  3400               	retlw	0
   336                           
   337                           	psect	cinit
   338  000F                     start_initialization:	
   339                           ; #config settings
   340                           
   341  000F                     __initialization:
   342                           
   343                           ; Initialize objects allocated to BANK0
   344  000F  120A  118A  2236  120A  118A  	fcall	__pidataBANK0	;fetch initializer
   345  0014  00BA               	movwf	__pdataBANK0& (0+127)
   346  0015  120A  118A  2237  120A  118A  	fcall	__pidataBANK0+1	;fetch initializer
   347  001A  00BB               	movwf	(__pdataBANK0+1)& (0+127)
   348                           
   349                           ; Clear objects allocated to BANK0
   350  001B  01B0               	clrf	__pbssBANK0& (0+127)
   351  001C  01B1               	clrf	(__pbssBANK0+1)& (0+127)
   352  001D  01B2               	clrf	(__pbssBANK0+2)& (0+127)
   353  001E  01B3               	clrf	(__pbssBANK0+3)& (0+127)
   354  001F  01B4               	clrf	(__pbssBANK0+4)& (0+127)
   355  0020  01B5               	clrf	(__pbssBANK0+5)& (0+127)
   356  0021  01B6               	clrf	(__pbssBANK0+6)& (0+127)
   357  0022  01B7               	clrf	(__pbssBANK0+7)& (0+127)
   358  0023  01B8               	clrf	(__pbssBANK0+8)& (0+127)
   359  0024  01B9               	clrf	(__pbssBANK0+9)& (0+127)
   360                           
   361                           ; Clear objects allocated to COMMON
   362  0025  01F7               	clrf	__pbssCOMMON& (0+127)
   363  0026  01F8               	clrf	(__pbssCOMMON+1)& (0+127)
   364  0027  01F9               	clrf	(__pbssCOMMON+2)& (0+127)
   365  0028                     end_of_initialization:	
   366                           ;End of C runtime variable initialization code
   367                           
   368  0028                     __end_of__initialization:
   369  0028  0183               	clrf	3
   370  0029  120A  118A  282C   	ljmp	_main	;jump to C main() function
   371                           
   372                           	psect	bssCOMMON
   373  0077                     __pbssCOMMON:
   374  0077                     _valASCII:
   375  0077                     	ds	1
   376  0078                     _pwm_count2:
   377  0078                     	ds	1
   378  0079                     _pwm_count1:
   379  0079                     	ds	1
   380                           
   381                           	psect	bssBANK0
   382  0030                     __pbssBANK0:
   383  0030                     _adcValue:
   384  0030                     	ds	2
   385  0032                     _potValue:
   386  0032                     	ds	2
   387  0034                     _duty_cycle2:
   388  0034                     	ds	2
   389  0036                     _duty_cycle1:
   390  0036                     	ds	2
   391  0038                     _menuMostrado:
   392  0038                     	ds	1
   393  0039                     _c:
   394  0039                     	ds	1
   395                           
   396                           	psect	dataBANK0
   397  003A                     __pdataBANK0:
   398  003A                     _pwm_period:
   399  003A                     	ds	2
   400                           
   401                           	psect	cstackCOMMON
   402  0070                     __pcstackCOMMON:
   403  0070                     ?_setup:
   404  0070                     ?_setupTMR0:	
   405                           ; 1 bytes @ 0x0
   406                           
   407  0070                     ?_setup_UART:	
   408                           ; 1 bytes @ 0x0
   409                           
   410  0070                     ?_cadena:	
   411                           ; 1 bytes @ 0x0
   412                           
   413  0070                     ?_enviar_caracter:	
   414                           ; 1 bytes @ 0x0
   415                           
   416  0070                     ?_isr:	
   417                           ; 1 bytes @ 0x0
   418                           
   419  0070                     ??_isr:	
   420                           ; 1 bytes @ 0x0
   421                           
   422  0070                     ?_main:	
   423                           ; 1 bytes @ 0x0
   424                           
   425                           
   426                           ; 1 bytes @ 0x0
   427  0070                     	ds	4
   428  0074                     ??_setup:
   429  0074                     ??_setupTMR0:	
   430                           ; 1 bytes @ 0x4
   431                           
   432  0074                     ??_setup_UART:	
   433                           ; 1 bytes @ 0x4
   434                           
   435  0074                     ??_enviar_caracter:	
   436                           ; 1 bytes @ 0x4
   437                           
   438  0074                     ??___wmul:	
   439                           ; 1 bytes @ 0x4
   440                           
   441  0074                     enviar_caracter@c:	
   442                           ; 1 bytes @ 0x4
   443                           
   444  0074                     ___wmul@product:	
   445                           ; 1 bytes @ 0x4
   446                           
   447                           
   448                           ; 2 bytes @ 0x4
   449  0074                     	ds	1
   450  0075                     ??_cadena:
   451                           
   452                           ; 1 bytes @ 0x5
   453  0075                     	ds	1
   454  0076                     ??___awdiv:
   455  0076                     cadena@txt:	
   456                           ; 1 bytes @ 0x6
   457                           
   458                           
   459                           ; 1 bytes @ 0x6
   460  0076                     	ds	1
   461                           
   462                           	psect	cstackBANK0
   463  0020                     __pcstackBANK0:
   464  0020                     ?___wmul:
   465  0020                     ___wmul@multiplier:	
   466                           ; 2 bytes @ 0x0
   467                           
   468                           
   469                           ; 2 bytes @ 0x0
   470  0020                     	ds	2
   471  0022                     ___wmul@multiplicand:
   472                           
   473                           ; 2 bytes @ 0x2
   474  0022                     	ds	2
   475  0024                     ?___awdiv:
   476  0024                     ___awdiv@divisor:	
   477                           ; 2 bytes @ 0x4
   478                           
   479                           
   480                           ; 2 bytes @ 0x4
   481  0024                     	ds	2
   482  0026                     ___awdiv@dividend:
   483                           
   484                           ; 2 bytes @ 0x6
   485  0026                     	ds	2
   486  0028                     ___awdiv@counter:
   487                           
   488                           ; 1 bytes @ 0x8
   489  0028                     	ds	1
   490  0029                     ___awdiv@sign:
   491                           
   492                           ; 1 bytes @ 0x9
   493  0029                     	ds	1
   494  002A                     ___awdiv@quotient:
   495                           
   496                           ; 2 bytes @ 0xA
   497  002A                     	ds	2
   498  002C                     ??_main:
   499                           
   500                           ; 1 bytes @ 0xC
   501  002C                     	ds	2
   502  002E                     main@i:
   503                           
   504                           ; 2 bytes @ 0xE
   505  002E                     	ds	2
   506                           
   507                           	psect	maintext
   508  002C                     __pmaintext:	
   509 ;;
   510 ;;Main: autosize = 0, tempsize = 2, incstack = 0, save=0
   511 ;;
   512 ;; *************** function _main *****************
   513 ;; Defined at:
   514 ;;		line 120 in file "Prueba_parpados_uart.c"
   515 ;; Parameters:    Size  Location     Type
   516 ;;		None
   517 ;; Auto vars:     Size  Location     Type
   518 ;;  i               2   14[BANK0 ] int 
   519 ;; Return value:  Size  Location     Type
   520 ;;                  1    wreg      void 
   521 ;; Registers used:
   522 ;;		wreg, fsr0l, fsr0h, status,2, status,0, btemp+1, pclath, cstack
   523 ;; Tracked objects:
   524 ;;		On entry : B00/0
   525 ;;		On exit  : 0/0
   526 ;;		Unchanged: 0/0
   527 ;; Data sizes:     COMMON   BANK0   BANK1   BANK3   BANK2
   528 ;;      Params:         0       0       0       0       0
   529 ;;      Locals:         0       2       0       0       0
   530 ;;      Temps:          0       2       0       0       0
   531 ;;      Totals:         0       4       0       0       0
   532 ;;Total ram usage:        4 bytes
   533 ;; Hardware stack levels required when called: 3
   534 ;; This function calls:
   535 ;;		___awdiv
   536 ;;		___wmul
   537 ;;		_cadena
   538 ;;		_enviar_caracter
   539 ;;		_setup
   540 ;;		_setupTMR0
   541 ;;		_setup_UART
   542 ;; This function is called by:
   543 ;;		Startup code after reset
   544 ;; This function uses a non-reentrant model
   545 ;;
   546                           
   547  002C                     _main:	
   548                           ;psect for function _main
   549                           
   550  002C                     l1127:	
   551                           ;incstack = 0
   552                           ; Regs used in _main: [wreg-fsr0h+status,2+status,0+btemp+1+pclath+cstack]
   553                           
   554                           
   555                           ;Prueba_parpados_uart.c: 122:     setup();
   556  002C  120A  118A  2207  120A  118A  	fcall	_setup
   557                           
   558                           ;Prueba_parpados_uart.c: 123:     setupTMR0();
   559  0031  120A  118A  221F  120A  118A  	fcall	_setupTMR0
   560                           
   561                           ;Prueba_parpados_uart.c: 124:     setup_UART();
   562  0036  120A  118A  21C9  120A  118A  	fcall	_setup_UART
   563  003B                     l1129:
   564                           
   565                           ;Prueba_parpados_uart.c: 128:         if (!menuMostrado) {
   566  003B  1283               	bcf	3,5	;RP0=0, select bank0
   567  003C  1303               	bcf	3,6	;RP1=0, select bank0
   568  003D  0838               	movf	_menuMostrado,w
   569  003E  1D03               	btfss	3,2
   570  003F  2841               	goto	u621
   571  0040  2842               	goto	u620
   572  0041                     u621:
   573  0041  284C               	goto	l1135
   574  0042                     u620:
   575  0042                     l1131:
   576                           
   577                           ;Prueba_parpados_uart.c: 130:             cadena("1. Parpadear una vez\r\n2. Parpadear d
      +                          os veces\r\n");
   578  0042  3001               	movlw	(low ((STR_1-__stringbase)| (0+32768)))& (0+255)
   579  0043  120A  118A  21E8  120A  118A  	fcall	_cadena
   580  0048                     l1133:
   581                           
   582                           ;Prueba_parpados_uart.c: 131:             menuMostrado = 1;
   583  0048  1283               	bcf	3,5	;RP0=0, select bank0
   584  0049  1303               	bcf	3,6	;RP1=0, select bank0
   585  004A  01B8               	clrf	_menuMostrado
   586  004B  0AB8               	incf	_menuMostrado,f
   587  004C                     l1135:
   588                           
   589                           ;Prueba_parpados_uart.c: 134:         if (c == 49) {
   590  004C  3031               	movlw	49
   591  004D  0639               	xorwf	_c,w
   592  004E  1D03               	btfss	3,2
   593  004F  2851               	goto	u631
   594  0050  2852               	goto	u630
   595  0051                     u631:
   596  0051  283B               	goto	l1129
   597  0052                     u630:
   598  0052                     l1137:
   599                           
   600                           ;Prueba_parpados_uart.c: 136:             duty_cycle1 = 0;
   601  0052  01B6               	clrf	_duty_cycle1
   602  0053  01B7               	clrf	_duty_cycle1+1
   603                           
   604                           ;Prueba_parpados_uart.c: 139:             for (int i = 0; i <= 20; i++) {
   605  0054  01AE               	clrf	main@i
   606  0055  01AF               	clrf	main@i+1
   607  0056                     l1143:
   608                           
   609                           ;Prueba_parpados_uart.c: 141:             duty_cycle1 = (char) ((i * (0 - 20) / 20) + 20
      +                          );
   610  0056  3014               	movlw	20
   611  0057  1283               	bcf	3,5	;RP0=0, select bank0
   612  0058  1303               	bcf	3,6	;RP1=0, select bank0
   613  0059  00A4               	movwf	___awdiv@divisor
   614  005A  3000               	movlw	0
   615  005B  00A5               	movwf	___awdiv@divisor+1
   616  005C  082F               	movf	main@i+1,w
   617  005D  00A1               	movwf	___wmul@multiplier+1
   618  005E  082E               	movf	main@i,w
   619  005F  00A0               	movwf	___wmul@multiplier
   620  0060  30EC               	movlw	236
   621  0061  00A2               	movwf	___wmul@multiplicand
   622  0062  30FF               	movlw	255
   623  0063  00A3               	movwf	___wmul@multiplicand+1
   624  0064  120A  118A  21A2  120A  118A  	fcall	___wmul
   625  0069  1283               	bcf	3,5	;RP0=0, select bank0
   626  006A  1303               	bcf	3,6	;RP1=0, select bank0
   627  006B  0821               	movf	?___wmul+1,w
   628  006C  00A7               	movwf	___awdiv@dividend+1
   629  006D  0820               	movf	?___wmul,w
   630  006E  00A6               	movwf	___awdiv@dividend
   631  006F  120A  118A  20B8  120A  118A  	fcall	___awdiv
   632  0074  1283               	bcf	3,5	;RP0=0, select bank0
   633  0075  1303               	bcf	3,6	;RP1=0, select bank0
   634  0076  0824               	movf	?___awdiv,w
   635  0077  3E14               	addlw	20
   636  0078  00AC               	movwf	??_main
   637  0079  01AD               	clrf	??_main+1
   638  007A  082C               	movf	??_main,w
   639  007B  00B6               	movwf	_duty_cycle1
   640  007C  082D               	movf	??_main+1,w
   641  007D  00B7               	movwf	_duty_cycle1+1
   642  007E                     l1145:
   643                           
   644                           ;Prueba_parpados_uart.c: 142:             _delay((unsigned long)((20)*(4000000/4000.0)))
      +                          ;
   645  007E  301A               	movlw	26
   646  007F  1283               	bcf	3,5	;RP0=0, select bank0
   647  0080  1303               	bcf	3,6	;RP1=0, select bank0
   648  0081  00AD               	movwf	??_main+1
   649  0082  30F7               	movlw	247
   650  0083  00AC               	movwf	??_main
   651  0084                     u657:
   652  0084  0BAC               	decfsz	??_main,f
   653  0085  2884               	goto	u657
   654  0086  0BAD               	decfsz	??_main+1,f
   655  0087  2884               	goto	u657
   656  0088  2889               	nop2
   657  0089                     l1147:
   658                           
   659                           ;Prueba_parpados_uart.c: 143:     }
   660  0089  3001               	movlw	1
   661  008A  1283               	bcf	3,5	;RP0=0, select bank0
   662  008B  1303               	bcf	3,6	;RP1=0, select bank0
   663  008C  07AE               	addwf	main@i,f
   664  008D  1803               	skipnc
   665  008E  0AAF               	incf	main@i+1,f
   666  008F  3000               	movlw	0
   667  0090  07AF               	addwf	main@i+1,f
   668  0091                     l1149:
   669  0091  082F               	movf	main@i+1,w
   670  0092  3A80               	xorlw	128
   671  0093  00FF               	movwf	btemp+1
   672  0094  3080               	movlw	128
   673  0095  027F               	subwf	btemp+1,w
   674  0096  1D03               	skipz
   675  0097  289A               	goto	u645
   676  0098  3015               	movlw	21
   677  0099  022E               	subwf	main@i,w
   678  009A                     u645:
   679  009A  1C03               	skipc
   680  009B  289D               	goto	u641
   681  009C  289E               	goto	u640
   682  009D                     u641:
   683  009D  2856               	goto	l1143
   684  009E                     u640:
   685  009E                     l1151:
   686                           
   687                           ;Prueba_parpados_uart.c: 145:             cadena("He parpadeado una vez");
   688  009E  3030               	movlw	(low ((STR_2-__stringbase)| (0+32768)))& (0+255)
   689  009F  120A  118A  21E8  120A  118A  	fcall	_cadena
   690  00A4                     l1153:
   691                           
   692                           ;Prueba_parpados_uart.c: 146:             enviar_caracter('\r');
   693  00A4  300D               	movlw	13
   694  00A5  120A  118A  222C  120A  118A  	fcall	_enviar_caracter
   695  00AA                     l1155:
   696                           
   697                           ;Prueba_parpados_uart.c: 147:             enviar_caracter('\n');
   698  00AA  300A               	movlw	10
   699  00AB  120A  118A  222C  120A  118A  	fcall	_enviar_caracter
   700  00B0                     l1157:
   701                           
   702                           ;Prueba_parpados_uart.c: 150:             menuMostrado = 0;
   703  00B0  1283               	bcf	3,5	;RP0=0, select bank0
   704  00B1  1303               	bcf	3,6	;RP1=0, select bank0
   705  00B2  01B8               	clrf	_menuMostrado
   706  00B3                     l1159:
   707                           
   708                           ;Prueba_parpados_uart.c: 151:             c = 0;
   709  00B3  01B9               	clrf	_c
   710  00B4  283B               	goto	l1129
   711  00B5  120A  118A  280C   	ljmp	start
   712  00B8                     __end_of_main:
   713                           
   714                           	psect	text1
   715  01C9                     __ptext1:	
   716 ;; *************** function _setup_UART *****************
   717 ;; Defined at:
   718 ;;		line 184 in file "Prueba_parpados_uart.c"
   719 ;; Parameters:    Size  Location     Type
   720 ;;		None
   721 ;; Auto vars:     Size  Location     Type
   722 ;;		None
   723 ;; Return value:  Size  Location     Type
   724 ;;                  1    wreg      void 
   725 ;; Registers used:
   726 ;;		wreg, status,2
   727 ;; Tracked objects:
   728 ;;		On entry : 0/0
   729 ;;		On exit  : 0/0
   730 ;;		Unchanged: 0/0
   731 ;; Data sizes:     COMMON   BANK0   BANK1   BANK3   BANK2
   732 ;;      Params:         0       0       0       0       0
   733 ;;      Locals:         0       0       0       0       0
   734 ;;      Temps:          0       0       0       0       0
   735 ;;      Totals:         0       0       0       0       0
   736 ;;Total ram usage:        0 bytes
   737 ;; Hardware stack levels used: 1
   738 ;; Hardware stack levels required when called: 1
   739 ;; This function calls:
   740 ;;		Nothing
   741 ;; This function is called by:
   742 ;;		_main
   743 ;; This function uses a non-reentrant model
   744 ;;
   745                           
   746  01C9                     _setup_UART:	
   747                           ;psect for function _setup_UART
   748                           
   749  01C9                     l919:	
   750                           ;incstack = 0
   751                           ; Regs used in _setup_UART: [wreg+status,2]
   752                           
   753                           
   754                           ;Prueba_parpados_uart.c: 185:     TXSTAbits.SYNC = 0;
   755  01C9  1683               	bsf	3,5	;RP0=1, select bank1
   756  01CA  1303               	bcf	3,6	;RP1=0, select bank1
   757  01CB  1218               	bcf	24,4	;volatile
   758                           
   759                           ;Prueba_parpados_uart.c: 186:     TXSTAbits.BRGH = 1;
   760  01CC  1518               	bsf	24,2	;volatile
   761                           
   762                           ;Prueba_parpados_uart.c: 187:     BAUDCTLbits.BRG16 = 0;
   763  01CD  1683               	bsf	3,5	;RP0=1, select bank3
   764  01CE  1703               	bsf	3,6	;RP1=1, select bank3
   765  01CF  1187               	bcf	7,3	;volatile
   766  01D0                     l921:
   767                           
   768                           ;Prueba_parpados_uart.c: 189:     SPBRG = 25;
   769  01D0  3019               	movlw	25
   770  01D1  1683               	bsf	3,5	;RP0=1, select bank1
   771  01D2  1303               	bcf	3,6	;RP1=0, select bank1
   772  01D3  0099               	movwf	25	;volatile
   773  01D4                     l923:
   774                           
   775                           ;Prueba_parpados_uart.c: 190:     SPBRGH = 0;
   776  01D4  019A               	clrf	26	;volatile
   777  01D5                     l925:
   778                           
   779                           ;Prueba_parpados_uart.c: 192:     RCSTAbits.SPEN = 1;
   780  01D5  1283               	bcf	3,5	;RP0=0, select bank0
   781  01D6  1303               	bcf	3,6	;RP1=0, select bank0
   782  01D7  1798               	bsf	24,7	;volatile
   783  01D8                     l927:
   784                           
   785                           ;Prueba_parpados_uart.c: 193:     TXSTAbits.TX9 = 0;
   786  01D8  1683               	bsf	3,5	;RP0=1, select bank1
   787  01D9  1303               	bcf	3,6	;RP1=0, select bank1
   788  01DA  1318               	bcf	24,6	;volatile
   789  01DB                     l929:
   790                           
   791                           ;Prueba_parpados_uart.c: 194:     TXSTAbits.TXEN = 1;
   792  01DB  1698               	bsf	24,5	;volatile
   793  01DC                     l931:
   794                           
   795                           ;Prueba_parpados_uart.c: 195:     RCSTAbits.CREN = 1;
   796  01DC  1283               	bcf	3,5	;RP0=0, select bank0
   797  01DD  1303               	bcf	3,6	;RP1=0, select bank0
   798  01DE  1618               	bsf	24,4	;volatile
   799  01DF                     l933:
   800                           
   801                           ;Prueba_parpados_uart.c: 197:     PIE1bits.RCIE = 1;
   802  01DF  1683               	bsf	3,5	;RP0=1, select bank1
   803  01E0  1303               	bcf	3,6	;RP1=0, select bank1
   804  01E1  168C               	bsf	12,5	;volatile
   805  01E2                     l935:
   806                           
   807                           ;Prueba_parpados_uart.c: 198:     PIR1bits.RCIF = 1;
   808  01E2  1283               	bcf	3,5	;RP0=0, select bank0
   809  01E3  1303               	bcf	3,6	;RP1=0, select bank0
   810  01E4  168C               	bsf	12,5	;volatile
   811  01E5                     l937:
   812                           
   813                           ;Prueba_parpados_uart.c: 200:     INTCONbits.GIE = 1;
   814  01E5  178B               	bsf	11,7	;volatile
   815  01E6                     l939:
   816                           
   817                           ;Prueba_parpados_uart.c: 201:     INTCONbits.PEIE = 1;
   818  01E6  170B               	bsf	11,6	;volatile
   819  01E7                     l120:
   820  01E7  0008               	return
   821  01E8                     __end_of_setup_UART:
   822                           
   823                           	psect	text2
   824  021F                     __ptext2:	
   825 ;; *************** function _setupTMR0 *****************
   826 ;; Defined at:
   827 ;;		line 229 in file "Prueba_parpados_uart.c"
   828 ;; Parameters:    Size  Location     Type
   829 ;;		None
   830 ;; Auto vars:     Size  Location     Type
   831 ;;		None
   832 ;; Return value:  Size  Location     Type
   833 ;;                  1    wreg      void 
   834 ;; Registers used:
   835 ;;		wreg, status,2, status,0
   836 ;; Tracked objects:
   837 ;;		On entry : 0/0
   838 ;;		On exit  : 0/0
   839 ;;		Unchanged: 0/0
   840 ;; Data sizes:     COMMON   BANK0   BANK1   BANK3   BANK2
   841 ;;      Params:         0       0       0       0       0
   842 ;;      Locals:         0       0       0       0       0
   843 ;;      Temps:          0       0       0       0       0
   844 ;;      Totals:         0       0       0       0       0
   845 ;;Total ram usage:        0 bytes
   846 ;; Hardware stack levels used: 1
   847 ;; Hardware stack levels required when called: 1
   848 ;; This function calls:
   849 ;;		Nothing
   850 ;; This function is called by:
   851 ;;		_main
   852 ;; This function uses a non-reentrant model
   853 ;;
   854                           
   855  021F                     _setupTMR0:	
   856                           ;psect for function _setupTMR0
   857                           
   858  021F                     l913:	
   859                           ;incstack = 0
   860                           ; Regs used in _setupTMR0: [wreg+status,2+status,0]
   861                           
   862                           
   863                           ;Prueba_parpados_uart.c: 231:     OPTION_REGbits.T0CS = 0;
   864  021F  1683               	bsf	3,5	;RP0=1, select bank1
   865  0220  1303               	bcf	3,6	;RP1=0, select bank1
   866  0221  1281               	bcf	1,5	;volatile
   867                           
   868                           ;Prueba_parpados_uart.c: 232:     OPTION_REGbits.PSA = 0;
   869  0222  1181               	bcf	1,3	;volatile
   870  0223                     l915:
   871                           
   872                           ;Prueba_parpados_uart.c: 233:     OPTION_REGbits.PS = 0b100;
   873  0223  0801               	movf	1,w	;volatile
   874  0224  39F8               	andlw	-8
   875  0225  3804               	iorlw	4
   876  0226  0081               	movwf	1	;volatile
   877  0227                     l917:
   878                           
   879                           ;Prueba_parpados_uart.c: 234:     TMR0 = 256 - (4000000 / 4 / 1000 / 256);
   880  0227  30FD               	movlw	253
   881  0228  1283               	bcf	3,5	;RP0=0, select bank0
   882  0229  1303               	bcf	3,6	;RP1=0, select bank0
   883  022A  0081               	movwf	1	;volatile
   884  022B                     l135:
   885  022B  0008               	return
   886  022C                     __end_of_setupTMR0:
   887                           
   888                           	psect	text3
   889  0207                     __ptext3:	
   890 ;; *************** function _setup *****************
   891 ;; Defined at:
   892 ;;		line 160 in file "Prueba_parpados_uart.c"
   893 ;; Parameters:    Size  Location     Type
   894 ;;		None
   895 ;; Auto vars:     Size  Location     Type
   896 ;;		None
   897 ;; Return value:  Size  Location     Type
   898 ;;                  1    wreg      void 
   899 ;; Registers used:
   900 ;;		wreg, status,2, status,0
   901 ;; Tracked objects:
   902 ;;		On entry : 0/0
   903 ;;		On exit  : 0/0
   904 ;;		Unchanged: 0/0
   905 ;; Data sizes:     COMMON   BANK0   BANK1   BANK3   BANK2
   906 ;;      Params:         0       0       0       0       0
   907 ;;      Locals:         0       0       0       0       0
   908 ;;      Temps:          0       0       0       0       0
   909 ;;      Totals:         0       0       0       0       0
   910 ;;Total ram usage:        0 bytes
   911 ;; Hardware stack levels used: 1
   912 ;; Hardware stack levels required when called: 1
   913 ;; This function calls:
   914 ;;		Nothing
   915 ;; This function is called by:
   916 ;;		_main
   917 ;; This function uses a non-reentrant model
   918 ;;
   919                           
   920  0207                     _setup:	
   921                           ;psect for function _setup
   922                           
   923  0207                     l903:	
   924                           ;incstack = 0
   925                           ; Regs used in _setup: [wreg+status,2+status,0]
   926                           
   927                           
   928                           ;Prueba_parpados_uart.c: 162:     ANSEL = 0b00000000;
   929  0207  1683               	bsf	3,5	;RP0=1, select bank3
   930  0208  1703               	bsf	3,6	;RP1=1, select bank3
   931  0209  0188               	clrf	8	;volatile
   932                           
   933                           ;Prueba_parpados_uart.c: 163:     ANSELH = 0;
   934  020A  0189               	clrf	9	;volatile
   935                           
   936                           ;Prueba_parpados_uart.c: 165:     TRISA = 0b00000000;
   937  020B  1683               	bsf	3,5	;RP0=1, select bank1
   938  020C  1303               	bcf	3,6	;RP1=0, select bank1
   939  020D  0185               	clrf	5	;volatile
   940                           
   941                           ;Prueba_parpados_uart.c: 166:     TRISD = 0;
   942  020E  0188               	clrf	8	;volatile
   943                           
   944                           ;Prueba_parpados_uart.c: 167:     TRISB = 0;
   945  020F  0186               	clrf	6	;volatile
   946                           
   947                           ;Prueba_parpados_uart.c: 168:     PORTB = 0;
   948  0210  1283               	bcf	3,5	;RP0=0, select bank0
   949  0211  1303               	bcf	3,6	;RP1=0, select bank0
   950  0212  0186               	clrf	6	;volatile
   951                           
   952                           ;Prueba_parpados_uart.c: 169:     PORTA = 0;
   953  0213  0185               	clrf	5	;volatile
   954                           
   955                           ;Prueba_parpados_uart.c: 170:     PORTD = 0;
   956  0214  0188               	clrf	8	;volatile
   957  0215                     l905:
   958                           
   959                           ;Prueba_parpados_uart.c: 174:     OSCCONbits.IRCF = 0b110;
   960  0215  1683               	bsf	3,5	;RP0=1, select bank1
   961  0216  1303               	bcf	3,6	;RP1=0, select bank1
   962  0217  080F               	movf	15,w	;volatile
   963  0218  398F               	andlw	-113
   964  0219  3860               	iorlw	96
   965  021A  008F               	movwf	15	;volatile
   966  021B                     l907:
   967                           
   968                           ;Prueba_parpados_uart.c: 175:     OSCCONbits.SCS = 0b00;
   969  021B  100F               	bcf	15,0	;volatile
   970  021C                     l909:
   971                           
   972                           ;Prueba_parpados_uart.c: 179:     INTCONbits.GIE = 1;
   973  021C  178B               	bsf	11,7	;volatile
   974  021D                     l911:
   975                           
   976                           ;Prueba_parpados_uart.c: 180:     INTCONbits.T0IE = 1;
   977  021D  168B               	bsf	11,5	;volatile
   978  021E                     l117:
   979  021E  0008               	return
   980  021F                     __end_of_setup:
   981                           
   982                           	psect	text4
   983  01E8                     __ptext4:	
   984 ;; *************** function _cadena *****************
   985 ;; Defined at:
   986 ;;		line 215 in file "Prueba_parpados_uart.c"
   987 ;; Parameters:    Size  Location     Type
   988 ;;  txt             1    wreg     PTR unsigned char 
   989 ;;		 -> STR_2(22), STR_1(47), 
   990 ;; Auto vars:     Size  Location     Type
   991 ;;  txt             1    6[COMMON] PTR unsigned char 
   992 ;;		 -> STR_2(22), STR_1(47), 
   993 ;; Return value:  Size  Location     Type
   994 ;;                  1    wreg      void 
   995 ;; Registers used:
   996 ;;		wreg, fsr0l, fsr0h, status,2, status,0, pclath, cstack
   997 ;; Tracked objects:
   998 ;;		On entry : 0/0
   999 ;;		On exit  : 0/0
  1000 ;;		Unchanged: 0/0
  1001 ;; Data sizes:     COMMON   BANK0   BANK1   BANK3   BANK2
  1002 ;;      Params:         0       0       0       0       0
  1003 ;;      Locals:         1       0       0       0       0
  1004 ;;      Temps:          1       0       0       0       0
  1005 ;;      Totals:         2       0       0       0       0
  1006 ;;Total ram usage:        2 bytes
  1007 ;; Hardware stack levels used: 1
  1008 ;; Hardware stack levels required when called: 2
  1009 ;; This function calls:
  1010 ;;		_enviar_caracter
  1011 ;; This function is called by:
  1012 ;;		_main
  1013 ;; This function uses a non-reentrant model
  1014 ;;
  1015                           
  1016  01E8                     _cadena:	
  1017                           ;psect for function _cadena
  1018                           
  1019                           
  1020                           ;incstack = 0
  1021                           ; Regs used in _cadena: [wreg-fsr0h+status,2+status,0+pclath+cstack]
  1022                           ;cadena@txt stored from wreg
  1023  01E8  00F6               	movwf	cadena@txt
  1024  01E9                     l941:
  1025                           
  1026                           ;Prueba_parpados_uart.c: 217:     while (*txt != '\0') {
  1027  01E9  29FA               	goto	l947
  1028  01EA                     l943:
  1029                           
  1030                           ;Prueba_parpados_uart.c: 219:         enviar_caracter(*txt);
  1031  01EA  0876               	movf	cadena@txt,w
  1032  01EB  0084               	movwf	4
  1033  01EC  120A  118A  2121  120A  118A  	fcall	stringdir
  1034  01F1  120A  118A  222C  120A  118A  	fcall	_enviar_caracter
  1035  01F6                     l945:
  1036                           
  1037                           ;Prueba_parpados_uart.c: 221:         txt++;
  1038  01F6  3001               	movlw	1
  1039  01F7  00F5               	movwf	??_cadena
  1040  01F8  0875               	movf	??_cadena,w
  1041  01F9  07F6               	addwf	cadena@txt,f
  1042  01FA                     l947:
  1043                           
  1044                           ;Prueba_parpados_uart.c: 217:     while (*txt != '\0') {
  1045  01FA  0876               	movf	cadena@txt,w
  1046  01FB  0084               	movwf	4
  1047  01FC  120A  118A  2121  120A  118A  	fcall	stringdir
  1048  0201  3A00               	xorlw	0
  1049  0202  1D03               	skipz
  1050  0203  2A05               	goto	u261
  1051  0204  2A06               	goto	u260
  1052  0205                     u261:
  1053  0205  29EA               	goto	l943
  1054  0206                     u260:
  1055  0206                     l132:
  1056  0206  0008               	return
  1057  0207                     __end_of_cadena:
  1058                           
  1059                           	psect	text5
  1060  022C                     __ptext5:	
  1061 ;; *************** function _enviar_caracter *****************
  1062 ;; Defined at:
  1063 ;;		line 208 in file "Prueba_parpados_uart.c"
  1064 ;; Parameters:    Size  Location     Type
  1065 ;;  c               1    wreg     unsigned char 
  1066 ;; Auto vars:     Size  Location     Type
  1067 ;;  c               1    4[COMMON] unsigned char 
  1068 ;; Return value:  Size  Location     Type
  1069 ;;                  1    wreg      void 
  1070 ;; Registers used:
  1071 ;;		wreg
  1072 ;; Tracked objects:
  1073 ;;		On entry : 0/0
  1074 ;;		On exit  : 0/0
  1075 ;;		Unchanged: 0/0
  1076 ;; Data sizes:     COMMON   BANK0   BANK1   BANK3   BANK2
  1077 ;;      Params:         0       0       0       0       0
  1078 ;;      Locals:         1       0       0       0       0
  1079 ;;      Temps:          0       0       0       0       0
  1080 ;;      Totals:         1       0       0       0       0
  1081 ;;Total ram usage:        1 bytes
  1082 ;; Hardware stack levels used: 1
  1083 ;; Hardware stack levels required when called: 1
  1084 ;; This function calls:
  1085 ;;		Nothing
  1086 ;; This function is called by:
  1087 ;;		_main
  1088 ;;		_cadena
  1089 ;; This function uses a non-reentrant model
  1090 ;;
  1091                           
  1092  022C                     _enviar_caracter:	
  1093                           ;psect for function _enviar_caracter
  1094                           
  1095                           
  1096                           ;incstack = 0
  1097                           ; Regs used in _enviar_caracter: [wreg]
  1098                           ;enviar_caracter@c stored from wreg
  1099  022C  00F4               	movwf	enviar_caracter@c
  1100  022D                     l899:
  1101  022D                     l123:	
  1102                           ;Prueba_parpados_uart.c: 210:     while(!TXIF);
  1103                           
  1104  022D  1283               	bcf	3,5	;RP0=0, select bank0
  1105  022E  1303               	bcf	3,6	;RP1=0, select bank0
  1106  022F  1E0C               	btfss	12,4	;volatile
  1107  0230  2A32               	goto	u251
  1108  0231  2A33               	goto	u250
  1109  0232                     u251:
  1110  0232  2A2D               	goto	l123
  1111  0233                     u250:
  1112  0233                     l901:
  1113                           
  1114                           ;Prueba_parpados_uart.c: 212:     TXREG = c;
  1115  0233  0874               	movf	enviar_caracter@c,w
  1116  0234  0099               	movwf	25	;volatile
  1117  0235                     l126:
  1118  0235  0008               	return
  1119  0236                     __end_of_enviar_caracter:
  1120                           
  1121                           	psect	text6
  1122  01A2                     __ptext6:	
  1123 ;; *************** function ___wmul *****************
  1124 ;; Defined at:
  1125 ;;		line 15 in file "C:\Program Files\Microchip\xc8\v2.35\pic\sources\c90\common\Umul16.c"
  1126 ;; Parameters:    Size  Location     Type
  1127 ;;  multiplier      2    0[BANK0 ] unsigned int 
  1128 ;;  multiplicand    2    2[BANK0 ] unsigned int 
  1129 ;; Auto vars:     Size  Location     Type
  1130 ;;  product         2    4[COMMON] unsigned int 
  1131 ;; Return value:  Size  Location     Type
  1132 ;;                  2    0[BANK0 ] unsigned int 
  1133 ;; Registers used:
  1134 ;;		wreg, status,2, status,0
  1135 ;; Tracked objects:
  1136 ;;		On entry : 0/0
  1137 ;;		On exit  : 0/0
  1138 ;;		Unchanged: 0/0
  1139 ;; Data sizes:     COMMON   BANK0   BANK1   BANK3   BANK2
  1140 ;;      Params:         0       4       0       0       0
  1141 ;;      Locals:         2       0       0       0       0
  1142 ;;      Temps:          0       0       0       0       0
  1143 ;;      Totals:         2       4       0       0       0
  1144 ;;Total ram usage:        6 bytes
  1145 ;; Hardware stack levels used: 1
  1146 ;; Hardware stack levels required when called: 1
  1147 ;; This function calls:
  1148 ;;		Nothing
  1149 ;; This function is called by:
  1150 ;;		_main
  1151 ;;		_map
  1152 ;; This function uses a non-reentrant model
  1153 ;;
  1154                           
  1155  01A2                     ___wmul:	
  1156                           ;psect for function ___wmul
  1157                           
  1158  01A2                     l1065:	
  1159                           ;incstack = 0
  1160                           ; Regs used in ___wmul: [wreg+status,2+status,0]
  1161                           
  1162  01A2  01F4               	clrf	___wmul@product
  1163  01A3  01F5               	clrf	___wmul@product+1
  1164  01A4                     l1067:
  1165  01A4  1283               	bcf	3,5	;RP0=0, select bank0
  1166  01A5  1303               	bcf	3,6	;RP1=0, select bank0
  1167  01A6  1C20               	btfss	___wmul@multiplier,0
  1168  01A7  29A9               	goto	u481
  1169  01A8  29AA               	goto	u480
  1170  01A9                     u481:
  1171  01A9  29B0               	goto	l221
  1172  01AA                     u480:
  1173  01AA                     l1069:
  1174  01AA  0822               	movf	___wmul@multiplicand,w
  1175  01AB  07F4               	addwf	___wmul@product,f
  1176  01AC  1803               	skipnc
  1177  01AD  0AF5               	incf	___wmul@product+1,f
  1178  01AE  0823               	movf	___wmul@multiplicand+1,w
  1179  01AF  07F5               	addwf	___wmul@product+1,f
  1180  01B0                     l221:
  1181  01B0  3001               	movlw	1
  1182  01B1                     u495:
  1183  01B1  1003               	clrc
  1184  01B2  0DA2               	rlf	___wmul@multiplicand,f
  1185  01B3  0DA3               	rlf	___wmul@multiplicand+1,f
  1186  01B4  3EFF               	addlw	-1
  1187  01B5  1D03               	skipz
  1188  01B6  29B1               	goto	u495
  1189  01B7                     l1071:
  1190  01B7  3001               	movlw	1
  1191  01B8                     u505:
  1192  01B8  1003               	clrc
  1193  01B9  0CA1               	rrf	___wmul@multiplier+1,f
  1194  01BA  0CA0               	rrf	___wmul@multiplier,f
  1195  01BB  3EFF               	addlw	-1
  1196  01BC  1D03               	skipz
  1197  01BD  29B8               	goto	u505
  1198  01BE                     l1073:
  1199  01BE  0820               	movf	___wmul@multiplier,w
  1200  01BF  0421               	iorwf	___wmul@multiplier+1,w
  1201  01C0  1D03               	btfss	3,2
  1202  01C1  29C3               	goto	u511
  1203  01C2  29C4               	goto	u510
  1204  01C3                     u511:
  1205  01C3  29A4               	goto	l1067
  1206  01C4                     u510:
  1207  01C4                     l1075:
  1208  01C4  0875               	movf	___wmul@product+1,w
  1209  01C5  00A1               	movwf	?___wmul+1
  1210  01C6  0874               	movf	___wmul@product,w
  1211  01C7  00A0               	movwf	?___wmul
  1212  01C8                     l223:
  1213  01C8  0008               	return
  1214  01C9                     __end_of___wmul:
  1215                           
  1216                           	psect	text7
  1217  00B8                     __ptext7:	
  1218 ;; *************** function ___awdiv *****************
  1219 ;; Defined at:
  1220 ;;		line 5 in file "C:\Program Files\Microchip\xc8\v2.35\pic\sources\c90\common\awdiv.c"
  1221 ;; Parameters:    Size  Location     Type
  1222 ;;  divisor         2    4[BANK0 ] int 
  1223 ;;  dividend        2    6[BANK0 ] int 
  1224 ;; Auto vars:     Size  Location     Type
  1225 ;;  quotient        2   10[BANK0 ] int 
  1226 ;;  sign            1    9[BANK0 ] unsigned char 
  1227 ;;  counter         1    8[BANK0 ] unsigned char 
  1228 ;; Return value:  Size  Location     Type
  1229 ;;                  2    4[BANK0 ] int 
  1230 ;; Registers used:
  1231 ;;		wreg, status,2, status,0
  1232 ;; Tracked objects:
  1233 ;;		On entry : 0/0
  1234 ;;		On exit  : 0/0
  1235 ;;		Unchanged: 0/0
  1236 ;; Data sizes:     COMMON   BANK0   BANK1   BANK3   BANK2
  1237 ;;      Params:         0       4       0       0       0
  1238 ;;      Locals:         0       4       0       0       0
  1239 ;;      Temps:          1       0       0       0       0
  1240 ;;      Totals:         1       8       0       0       0
  1241 ;;Total ram usage:        9 bytes
  1242 ;; Hardware stack levels used: 1
  1243 ;; Hardware stack levels required when called: 1
  1244 ;; This function calls:
  1245 ;;		Nothing
  1246 ;; This function is called by:
  1247 ;;		_main
  1248 ;;		_map
  1249 ;; This function uses a non-reentrant model
  1250 ;;
  1251                           
  1252  00B8                     ___awdiv:	
  1253                           ;psect for function ___awdiv
  1254                           
  1255  00B8                     l1079:	
  1256                           ;incstack = 0
  1257                           ; Regs used in ___awdiv: [wreg+status,2+status,0]
  1258                           
  1259  00B8  1283               	bcf	3,5	;RP0=0, select bank0
  1260  00B9  1303               	bcf	3,6	;RP1=0, select bank0
  1261  00BA  01A9               	clrf	___awdiv@sign
  1262  00BB                     l1081:
  1263  00BB  1FA5               	btfss	___awdiv@divisor+1,7
  1264  00BC  28BE               	goto	u521
  1265  00BD  28BF               	goto	u520
  1266  00BE                     u521:
  1267  00BE  28C6               	goto	l1087
  1268  00BF                     u520:
  1269  00BF                     l1083:
  1270  00BF  09A4               	comf	___awdiv@divisor,f
  1271  00C0  09A5               	comf	___awdiv@divisor+1,f
  1272  00C1  0AA4               	incf	___awdiv@divisor,f
  1273  00C2  1903               	skipnz
  1274  00C3  0AA5               	incf	___awdiv@divisor+1,f
  1275  00C4                     l1085:
  1276  00C4  01A9               	clrf	___awdiv@sign
  1277  00C5  0AA9               	incf	___awdiv@sign,f
  1278  00C6                     l1087:
  1279  00C6  1FA7               	btfss	___awdiv@dividend+1,7
  1280  00C7  28C9               	goto	u531
  1281  00C8  28CA               	goto	u530
  1282  00C9                     u531:
  1283  00C9  28D3               	goto	l1093
  1284  00CA                     u530:
  1285  00CA                     l1089:
  1286  00CA  09A6               	comf	___awdiv@dividend,f
  1287  00CB  09A7               	comf	___awdiv@dividend+1,f
  1288  00CC  0AA6               	incf	___awdiv@dividend,f
  1289  00CD  1903               	skipnz
  1290  00CE  0AA7               	incf	___awdiv@dividend+1,f
  1291  00CF                     l1091:
  1292  00CF  3001               	movlw	1
  1293  00D0  00F6               	movwf	??___awdiv
  1294  00D1  0876               	movf	??___awdiv,w
  1295  00D2  06A9               	xorwf	___awdiv@sign,f
  1296  00D3                     l1093:
  1297  00D3  01AA               	clrf	___awdiv@quotient
  1298  00D4  01AB               	clrf	___awdiv@quotient+1
  1299  00D5                     l1095:
  1300  00D5  0824               	movf	___awdiv@divisor,w
  1301  00D6  0425               	iorwf	___awdiv@divisor+1,w
  1302  00D7  1903               	btfsc	3,2
  1303  00D8  28DA               	goto	u541
  1304  00D9  28DB               	goto	u540
  1305  00DA                     u541:
  1306  00DA  2912               	goto	l1115
  1307  00DB                     u540:
  1308  00DB                     l1097:
  1309  00DB  01A8               	clrf	___awdiv@counter
  1310  00DC  0AA8               	incf	___awdiv@counter,f
  1311  00DD  28E9               	goto	l1103
  1312  00DE                     l1099:
  1313  00DE  3001               	movlw	1
  1314  00DF                     u555:
  1315  00DF  1003               	clrc
  1316  00E0  0DA4               	rlf	___awdiv@divisor,f
  1317  00E1  0DA5               	rlf	___awdiv@divisor+1,f
  1318  00E2  3EFF               	addlw	-1
  1319  00E3  1D03               	skipz
  1320  00E4  28DF               	goto	u555
  1321  00E5                     l1101:
  1322  00E5  3001               	movlw	1
  1323  00E6  00F6               	movwf	??___awdiv
  1324  00E7  0876               	movf	??___awdiv,w
  1325  00E8  07A8               	addwf	___awdiv@counter,f
  1326  00E9                     l1103:
  1327  00E9  1FA5               	btfss	___awdiv@divisor+1,7
  1328  00EA  28EC               	goto	u561
  1329  00EB  28ED               	goto	u560
  1330  00EC                     u561:
  1331  00EC  28DE               	goto	l1099
  1332  00ED                     u560:
  1333  00ED                     l1105:
  1334  00ED  3001               	movlw	1
  1335  00EE                     u575:
  1336  00EE  1003               	clrc
  1337  00EF  0DAA               	rlf	___awdiv@quotient,f
  1338  00F0  0DAB               	rlf	___awdiv@quotient+1,f
  1339  00F1  3EFF               	addlw	-1
  1340  00F2  1D03               	skipz
  1341  00F3  28EE               	goto	u575
  1342  00F4  0825               	movf	___awdiv@divisor+1,w
  1343  00F5  0227               	subwf	___awdiv@dividend+1,w
  1344  00F6  1D03               	skipz
  1345  00F7  28FA               	goto	u585
  1346  00F8  0824               	movf	___awdiv@divisor,w
  1347  00F9  0226               	subwf	___awdiv@dividend,w
  1348  00FA                     u585:
  1349  00FA  1C03               	skipc
  1350  00FB  28FD               	goto	u581
  1351  00FC  28FE               	goto	u580
  1352  00FD                     u581:
  1353  00FD  2905               	goto	l1111
  1354  00FE                     u580:
  1355  00FE                     l1107:
  1356  00FE  0824               	movf	___awdiv@divisor,w
  1357  00FF  02A6               	subwf	___awdiv@dividend,f
  1358  0100  0825               	movf	___awdiv@divisor+1,w
  1359  0101  1C03               	skipc
  1360  0102  03A7               	decf	___awdiv@dividend+1,f
  1361  0103  02A7               	subwf	___awdiv@dividend+1,f
  1362  0104                     l1109:
  1363  0104  142A               	bsf	___awdiv@quotient,0
  1364  0105                     l1111:
  1365  0105  3001               	movlw	1
  1366  0106                     u595:
  1367  0106  1003               	clrc
  1368  0107  0CA5               	rrf	___awdiv@divisor+1,f
  1369  0108  0CA4               	rrf	___awdiv@divisor,f
  1370  0109  3EFF               	addlw	-1
  1371  010A  1D03               	skipz
  1372  010B  2906               	goto	u595
  1373  010C                     l1113:
  1374  010C  3001               	movlw	1
  1375  010D  02A8               	subwf	___awdiv@counter,f
  1376  010E  1D03               	btfss	3,2
  1377  010F  2911               	goto	u601
  1378  0110  2912               	goto	u600
  1379  0111                     u601:
  1380  0111  28ED               	goto	l1105
  1381  0112                     u600:
  1382  0112                     l1115:
  1383  0112  0829               	movf	___awdiv@sign,w
  1384  0113  1903               	btfsc	3,2
  1385  0114  2916               	goto	u611
  1386  0115  2917               	goto	u610
  1387  0116                     u611:
  1388  0116  291C               	goto	l1119
  1389  0117                     u610:
  1390  0117                     l1117:
  1391  0117  09AA               	comf	___awdiv@quotient,f
  1392  0118  09AB               	comf	___awdiv@quotient+1,f
  1393  0119  0AAA               	incf	___awdiv@quotient,f
  1394  011A  1903               	skipnz
  1395  011B  0AAB               	incf	___awdiv@quotient+1,f
  1396  011C                     l1119:
  1397  011C  082B               	movf	___awdiv@quotient+1,w
  1398  011D  00A5               	movwf	?___awdiv+1
  1399  011E  082A               	movf	___awdiv@quotient,w
  1400  011F  00A4               	movwf	?___awdiv
  1401  0120                     l374:
  1402  0120  0008               	return
  1403  0121                     __end_of___awdiv:
  1404                           
  1405                           	psect	text8
  1406  016C                     __ptext8:	
  1407 ;; *************** function _isr *****************
  1408 ;; Defined at:
  1409 ;;		line 75 in file "Prueba_parpados_uart.c"
  1410 ;; Parameters:    Size  Location     Type
  1411 ;;		None
  1412 ;; Auto vars:     Size  Location     Type
  1413 ;;		None
  1414 ;; Return value:  Size  Location     Type
  1415 ;;                  1    wreg      void 
  1416 ;; Registers used:
  1417 ;;		wreg, status,2, status,0
  1418 ;; Tracked objects:
  1419 ;;		On entry : 0/0
  1420 ;;		On exit  : 0/0
  1421 ;;		Unchanged: 0/0
  1422 ;; Data sizes:     COMMON   BANK0   BANK1   BANK3   BANK2
  1423 ;;      Params:         0       0       0       0       0
  1424 ;;      Locals:         0       0       0       0       0
  1425 ;;      Temps:          4       0       0       0       0
  1426 ;;      Totals:         4       0       0       0       0
  1427 ;;Total ram usage:        4 bytes
  1428 ;; Hardware stack levels used: 1
  1429 ;; This function calls:
  1430 ;;		Nothing
  1431 ;; This function is called by:
  1432 ;;		Interrupt level 1
  1433 ;; This function uses a non-reentrant model
  1434 ;;
  1435                           
  1436  016C                     _isr:	
  1437                           ;psect for function _isr
  1438                           
  1439  016C                     i1l1007:
  1440                           
  1441                           ;Prueba_parpados_uart.c: 78:     if (T0IF) {
  1442  016C  1D0B               	btfss	11,2	;volatile
  1443  016D  296F               	goto	u41_21
  1444  016E  2970               	goto	u41_20
  1445  016F                     u41_21:
  1446  016F  2990               	goto	i1l93
  1447  0170                     u41_20:
  1448  0170                     i1l1009:
  1449                           
  1450                           ;Prueba_parpados_uart.c: 81:         TMR0 = 256 - (4000000 / 4 / 1000 / 256);
  1451  0170  30FD               	movlw	253
  1452  0171  1283               	bcf	3,5	;RP0=0, select bank0
  1453  0172  1303               	bcf	3,6	;RP1=0, select bank0
  1454  0173  0081               	movwf	1	;volatile
  1455  0174                     i1l1011:
  1456                           
  1457                           ;Prueba_parpados_uart.c: 83:         pwm_count1++;
  1458  0174  3001               	movlw	1
  1459  0175  00F0               	movwf	??_isr
  1460  0176  0870               	movf	??_isr,w
  1461  0177  07F9               	addwf	_pwm_count1,f
  1462  0178                     i1l1013:
  1463                           
  1464                           ;Prueba_parpados_uart.c: 86:         if (pwm_count1 > duty_cycle1) {
  1465  0178  0879               	movf	_pwm_count1,w
  1466  0179  00F0               	movwf	??_isr
  1467  017A  01F1               	clrf	??_isr+1
  1468  017B  0871               	movf	??_isr+1,w
  1469  017C  0237               	subwf	_duty_cycle1+1,w
  1470  017D  1D03               	skipz
  1471  017E  2981               	goto	u42_25
  1472  017F  0870               	movf	??_isr,w
  1473  0180  0236               	subwf	_duty_cycle1,w
  1474  0181                     u42_25:
  1475  0181  1803               	skipnc
  1476  0182  2984               	goto	u42_21
  1477  0183  2985               	goto	u42_20
  1478  0184                     u42_21:
  1479  0184  2987               	goto	i1l94
  1480  0185                     u42_20:
  1481  0185                     i1l1015:
  1482                           
  1483                           ;Prueba_parpados_uart.c: 88:             PORTDbits.RD3 = 0; }
  1484  0185  1188               	bcf	8,3	;volatile
  1485  0186  2988               	goto	i1l1017
  1486  0187                     i1l94:	
  1487                           ;Prueba_parpados_uart.c: 89:         else {
  1488                           
  1489                           
  1490                           ;Prueba_parpados_uart.c: 91:             PORTDbits.RD3 = 1;
  1491  0187  1588               	bsf	8,3	;volatile
  1492  0188                     i1l1017:
  1493                           
  1494                           ;Prueba_parpados_uart.c: 95:         if (pwm_count1 >= 255) {
  1495  0188  0A79               	incf	_pwm_count1,w
  1496  0189  1D03               	btfss	3,2
  1497  018A  298C               	goto	u43_21
  1498  018B  298D               	goto	u43_20
  1499  018C                     u43_21:
  1500  018C  298E               	goto	i1l1021
  1501  018D                     u43_20:
  1502  018D                     i1l1019:
  1503                           
  1504                           ;Prueba_parpados_uart.c: 97:             pwm_count1 = 0; }
  1505  018D  01F9               	clrf	_pwm_count1
  1506  018E                     i1l1021:
  1507                           
  1508                           ;Prueba_parpados_uart.c: 100:         T0IF = 0;
  1509  018E  110B               	bcf	11,2	;volatile
  1510                           
  1511                           ;Prueba_parpados_uart.c: 102:         }
  1512  018F  299B               	goto	i1l99
  1513  0190                     i1l93:	
  1514                           ;Prueba_parpados_uart.c: 104:     else if (PIR1bits.RCIF) {
  1515                           
  1516  0190  1283               	bcf	3,5	;RP0=0, select bank0
  1517  0191  1303               	bcf	3,6	;RP1=0, select bank0
  1518  0192  1E8C               	btfss	12,5	;volatile
  1519  0193  2995               	goto	u44_21
  1520  0194  2996               	goto	u44_20
  1521  0195                     u44_21:
  1522  0195  299B               	goto	i1l99
  1523  0196                     u44_20:
  1524  0196                     i1l1023:
  1525                           
  1526                           ;Prueba_parpados_uart.c: 106:         c = RCREG;
  1527  0196  081A               	movf	26,w	;volatile
  1528  0197  00F0               	movwf	??_isr
  1529  0198  0870               	movf	??_isr,w
  1530  0199  00B9               	movwf	_c
  1531  019A                     i1l1025:
  1532                           
  1533                           ;Prueba_parpados_uart.c: 107:         PIR1bits.RCIF = 0;
  1534  019A  128C               	bcf	12,5	;volatile
  1535  019B                     i1l99:
  1536  019B  0873               	movf	??_isr+3,w
  1537  019C  008A               	movwf	10
  1538  019D  0E72               	swapf	??_isr+2,w
  1539  019E  0083               	movwf	3
  1540  019F  0EFE               	swapf	btemp,f
  1541  01A0  0E7E               	swapf	btemp,w
  1542  01A1  0009               	retfie
  1543  01A2                     __end_of_isr:
  1544  007E                     btemp	set	126	;btemp
  1545  007E                     wtemp0	set	126
  1546                           
  1547                           	psect	intentry
  1548  0004                     __pintentry:	
  1549                           ;incstack = 0
  1550                           ; Regs used in _isr: [wreg+status,2+status,0]
  1551                           
  1552  0004                     interrupt_function:
  1553  007E                     saved_w	set	btemp
  1554  0004  00FE               	movwf	btemp
  1555  0005  0E03               	swapf	3,w
  1556  0006  00F2               	movwf	??_isr+2
  1557  0007  080A               	movf	10,w
  1558  0008  00F3               	movwf	??_isr+3
  1559  0009  120A  118A  296C   	ljmp	_isr
  1560                           
  1561                           	psect	idloc
  1562                           
  1563                           ;Config register IDLOC0 @ 0x2000
  1564                           ;	unspecified, using default values
  1565  2000                     	org	8192
  1566  2000  3FFF               	dw	16383
  1567                           
  1568                           ;Config register IDLOC1 @ 0x2001
  1569                           ;	unspecified, using default values
  1570  2001                     	org	8193
  1571  2001  3FFF               	dw	16383
  1572                           
  1573                           ;Config register IDLOC2 @ 0x2002
  1574                           ;	unspecified, using default values
  1575  2002                     	org	8194
  1576  2002  3FFF               	dw	16383
  1577                           
  1578                           ;Config register IDLOC3 @ 0x2003
  1579                           ;	unspecified, using default values
  1580  2003                     	org	8195
  1581  2003  3FFF               	dw	16383
  1582                           
  1583                           	psect	config
  1584                           
  1585                           ;Config register CONFIG1 @ 0x2007
  1586                           ;	Oscillator Selection bits
  1587                           ;	FOSC = INTRC_NOCLKOUT, INTOSCIO oscillator: I/O function on RA6/OSC2/CLKOUT pin, I/O f
      +                          unction on RA7/OSC1/CLKIN
  1588                           ;	Watchdog Timer Enable bit
  1589                           ;	WDTE = OFF, WDT disabled and can be enabled by SWDTEN bit of the WDTCON register
  1590                           ;	Power-up Timer Enable bit
  1591                           ;	PWRTE = OFF, PWRT disabled
  1592                           ;	RE3/MCLR pin function select bit
  1593                           ;	MCLRE = OFF, RE3/MCLR pin function is digital input, MCLR internally tied to VDD
  1594                           ;	Code Protection bit
  1595                           ;	CP = OFF, Program memory code protection is disabled
  1596                           ;	Data Code Protection bit
  1597                           ;	CPD = OFF, Data memory code protection is disabled
  1598                           ;	Brown Out Reset Selection bits
  1599                           ;	BOREN = OFF, BOR disabled
  1600                           ;	Internal External Switchover bit
  1601                           ;	IESO = OFF, Internal/External Switchover mode is disabled
  1602                           ;	Fail-Safe Clock Monitor Enabled bit
  1603                           ;	FCMEN = OFF, Fail-Safe Clock Monitor is disabled
  1604                           ;	Low Voltage Programming Enable bit
  1605                           ;	LVP = OFF, RB3 pin has digital I/O, HV on MCLR must be used for programming
  1606                           ;	In-Circuit Debugger Mode bit
  1607                           ;	DEBUG = 0x1, unprogrammed default
  1608  2007                     	org	8199
  1609  2007  20D4               	dw	8404
  1610                           
  1611                           ;Config register CONFIG2 @ 0x2008
  1612                           ;	Brown-out Reset Selection bit
  1613                           ;	BOR4V = BOR40V, Brown-out Reset set to 4.0V
  1614                           ;	Flash Program Memory Self Write Enable bits
  1615                           ;	WRT = OFF, Write protection off
  1616  2008                     	org	8200
  1617  2008  3FFF               	dw	16383

Data Sizes:
    Strings     69
    Constant    0
    Data        2
    BSS         13
    Persistent  0
    Stack       0

Auto Spaces:
    Space          Size  Autos    Used
    COMMON           14      7      10
    BANK0            80     16      28
    BANK1            80      0       0
    BANK3            96      0       0
    BANK2            96      0       0

Pointer List with Targets:

    cadena@txt	PTR unsigned char  size(1) Largest target is 47
		 -> STR_2(CODE[22]), STR_1(CODE[47]), 


Critical Paths under _main in COMMON

    _main->___awdiv
    _main->_cadena
    _cadena->_enviar_caracter
    ___awdiv->___wmul

Critical Paths under _isr in COMMON

    None.

Critical Paths under _main in BANK0

    _main->___awdiv
    ___awdiv->___wmul

Critical Paths under _isr in BANK0

    None.

Critical Paths under _main in BANK1

    None.

Critical Paths under _isr in BANK1

    None.

Critical Paths under _main in BANK3

    None.

Critical Paths under _isr in BANK3

    None.

Critical Paths under _main in BANK2

    None.

Critical Paths under _isr in BANK2

    None.

Call Graph Tables:

 ---------------------------------------------------------------------------------
 (Depth) Function   	        Calls       Base Space   Used Autos Params    Refs
 ---------------------------------------------------------------------------------
 (0) _main                                                 4     4      0    1555
                                             12 BANK0      4     4      0
                            ___awdiv
                             ___wmul
                             _cadena
                    _enviar_caracter
                              _setup
                          _setupTMR0
                         _setup_UART
 ---------------------------------------------------------------------------------
 (1) _setup_UART                                           0     0      0       0
 ---------------------------------------------------------------------------------
 (1) _setupTMR0                                            0     0      0       0
 ---------------------------------------------------------------------------------
 (1) _setup                                                0     0      0       0
 ---------------------------------------------------------------------------------
 (1) _cadena                                               2     2      0     133
                                              5 COMMON     2     2      0
                    _enviar_caracter
 ---------------------------------------------------------------------------------
 (1) _enviar_caracter                                      1     1      0      22
                                              4 COMMON     1     1      0
 ---------------------------------------------------------------------------------
 (1) ___wmul                                               6     2      4     496
                                              4 COMMON     2     2      0
                                              0 BANK0      4     0      4
 ---------------------------------------------------------------------------------
 (1) ___awdiv                                              9     5      4     805
                                              6 COMMON     1     1      0
                                              4 BANK0      8     4      4
                             ___wmul (ARG)
 ---------------------------------------------------------------------------------
 Estimated maximum stack depth 1
 ---------------------------------------------------------------------------------
 (Depth) Function   	        Calls       Base Space   Used Autos Params    Refs
 ---------------------------------------------------------------------------------
 (3) _isr                                                  4     4      0       0
                                              0 COMMON     4     4      0
 ---------------------------------------------------------------------------------
 Estimated maximum stack depth 3
 ---------------------------------------------------------------------------------

 Call Graph Graphs:

 _main (ROOT)
   ___awdiv
     ___wmul (ARG)
   ___wmul
   _cadena
     _enviar_caracter
   _enviar_caracter
   _setup
   _setupTMR0
   _setup_UART

 _isr (ROOT)

 Address spaces:
Name               Size   Autos  Total    Cost      Usage
BANK3               60      0       0       9        0.0%
BITBANK3            60      0       0       8        0.0%
SFR3                 0      0       0       4        0.0%
BITSFR3              0      0       0       4        0.0%
BANK2               60      0       0      11        0.0%
BITBANK2            60      0       0      10        0.0%
SFR2                 0      0       0       5        0.0%
BITSFR2              0      0       0       5        0.0%
BANK1               50      0       0       7        0.0%
BITBANK1            50      0       0       6        0.0%
SFR1                 0      0       0       2        0.0%
BITSFR1              0      0       0       2        0.0%
BANK0               50     10      1C       5       35.0%
BITBANK0            50      0       0       4        0.0%
SFR0                 0      0       0       1        0.0%
BITSFR0              0      0       0       1        0.0%
COMMON               E      7       A       1       71.4%
BITCOMMON            E      0       0       0        0.0%
CODE                 0      0       0       0        0.0%
DATA                 0      0      26      12        0.0%
ABS                  0      0      26       3        0.0%
NULL                 0      0       0       0        0.0%
STACK                0      0       0       2        0.0%
EEDATA             100      0       0       0        0.0%


Microchip Technology PIC Macro Assembler V2.35 build 20211206165544 
Symbol Table                                                                                   Wed May 31 22:30:56 2023

                      _c 0039                        pc 0002             ___awdiv@sign 0029  
                     fsr 0004      ___wmul@multiplicand 0022                      l120 01E7  
                    l123 022D                      l132 0206                      l221 01B0  
                    l117 021E                      l126 0235                      l223 01C8  
                    l135 022B                      l374 0120                      l901 0233  
                    l911 021D                      l903 0207                      l905 0215  
                    l913 021F                      l921 01D0                      l907 021B  
                    l915 0223                      l931 01DC                      l923 01D4  
                    l941 01E9                      l909 021C                      l917 0227  
                    l933 01DF                      l925 01D5                      l943 01EA  
                    l935 01E2                      l927 01D8                      l919 01C9  
                    l945 01F6                      l937 01E5                      l929 01DB  
                    l947 01FA                      l939 01E6                      l899 022D  
                    u250 0233                      u251 0232                      u260 0206  
                    u261 0205                      u510 01C4                      u511 01C3  
                    u600 0112                      u520 00BF                      u601 0111  
                    u521 00BE                      u505 01B8                      u610 0117  
                    u530 00CA                      u611 0116                      u531 00C9  
                    u540 00DB                      u620 0042                      u541 00DA  
                    u621 0041                      u630 0052                      u631 0051  
                    u560 00ED                      u480 01AA                      u640 009E  
                    u561 00EC                      u481 01A9                      u641 009D  
                    u555 00DF                      u580 00FE                      u581 00FD  
                    u645 009A                      u575 00EE                      u495 01B1  
                    u585 00FA                      u657 0084                      u595 0106  
                    _isr 016C                      fsr0 0004                     l1101 00E5  
                   l1111 0105                     l1103 00E9                     l1113 010C  
                   l1105 00ED                     l1107 00FE                     l1115 0112  
                   l1131 0042                     l1117 0117                     l1109 0104  
                   l1133 0048                     l1119 011C                     l1071 01B7  
                   l1151 009E                     l1143 0056                     l1135 004C  
                   l1127 002C                     l1081 00BB                     l1073 01BE  
                   l1065 01A2                     l1153 00A4                     l1145 007E  
                   l1137 0052                     l1129 003B                     l1091 00CF  
                   l1083 00BF                     l1075 01C4                     l1067 01A4  
                   l1155 00AA                     l1147 0089                     l1093 00D3  
                   l1085 00C4                     l1069 01AA                     l1157 00B0  
                   l1149 0091                     l1095 00D5                     l1087 00C6  
                   l1079 00B8                     l1159 00B3                     l1097 00DB  
                   l1089 00CA                     l1099 00DE                     ?_isr 0070  
                   STR_1 0127                     STR_2 0156                     _T0IF 005A  
                   i1l93 0190                     i1l94 0187                     i1l99 019B  
                   _TMR0 0001                     _TXIF 0064                     _main 002C  
                   btemp 007E                     start 000C                    ??_isr 0070  
                  ?_main 0070          __end_of___awdiv 0121                    _ANSEL 0188  
        ___awdiv@divisor 0024          ___awdiv@counter 0028                    _RCREG 001A  
                  u41_20 0170                    u41_21 016F                    u42_20 0185  
                  u42_21 0184                    _SPBRG 0099                    u42_25 0181  
                  u43_20 018D                    u43_21 018C                    _PORTA 0005  
                  _PORTB 0006                    _PORTD 0008                    u44_20 0196  
                  u44_21 0195                    _TRISA 0085                    _TRISB 0086  
                  _TRISD 0088                    _TXREG 0019                    _setup 0207  
                  main@i 002E                    pclath 000A                    status 0003  
                  wtemp0 007E          __initialization 000F             __end_of_main 00B8  
                 ??_main 002C         ___awdiv@dividend 0026                   ?_setup 0070  
                 _ANSELH 0189                   i1l1011 0174                   i1l1021 018E  
                 i1l1013 0178                   i1l1023 0196                   i1l1015 0185  
                 i1l1007 016C                   i1l1025 019A                   i1l1017 0188  
                 i1l1009 0170                   i1l1019 018D                   _SPBRGH 009A  
                 _cadena 01E8                   ___wmul 01A2                ??___awdiv 0076  
       ___awdiv@quotient 002A                   saved_w 007E  __end_of__initialization 0028  
         __pcstackCOMMON 0070             __pidataBANK0 0236            __end_of_setup 021F  
         _OPTION_REGbits 0081                  ??_setup 0074               __pbssBANK0 0030  
             __pmaintext 002C                  ?_cadena 0070                  ?___wmul 0020  
             __pintentry 0004               __stringtab 0121                  ___awdiv 00B8  
                __ptext1 01C9                  __ptext2 021F                  __ptext3 0207  
                __ptext4 01E8                  __ptext5 022C                  __ptext6 01A2  
                __ptext7 00B8                  __ptext8 016C     end_of_initialization 0028  
      ??_enviar_caracter 0074        __end_of_setupTMR0 022C                _RCSTAbits 0018  
             _setup_UART 01C9                _PORTDbits 0008               _pwm_count1 0079  
             _pwm_count2 0078               _pwm_period 003A                _TXSTAbits 0098  
         __end_of_cadena 0207           __end_of___wmul 01C9              _BAUDCTLbits 0187  
    start_initialization 000F              __end_of_isr 01A2                 ??_cadena 0075  
               ??___wmul 0074              __pdataBANK0 003A              ?_setup_UART 0070  
            __pbssCOMMON 0077                ___latbits 0002            __pcstackBANK0 0020  
           _menuMostrado 0038                 ?___awdiv 0024                cadena@txt 0076  
              __pstrings 0121          _enviar_caracter 022C        interrupt_function 0004  
         ___wmul@product 0074                 _PIE1bits 008C                 _PIR1bits 000C  
              _setupTMR0 021F              __stringbase 0126        ___wmul@multiplier 0020  
             ?_setupTMR0 0070  __end_of_enviar_caracter 0236                 _adcValue 0030  
     __end_of__stringtab 0127                 _valASCII 0077              _duty_cycle1 0036  
            _duty_cycle2 0034                 _potValue 0032             ??_setup_UART 0074  
             _INTCONbits 000B                 intlevel1 0000         enviar_caracter@c 0074  
     __end_of_setup_UART 01E8                stringcode 0121               _OSCCONbits 008F  
            ??_setupTMR0 0074         ?_enviar_caracter 0070                 stringdir 0121  
               stringtab 0121  
